#
# There is insufficient memory for the Java Runtime Environment to continue.
# Native memory allocation (mmap) failed to map 41943040 bytes for committing reserved memory.
# Possible reasons:
#   The system is out of physical RAM or swap space
#   The process is running with CompressedOops enabled, and the Java Heap may be blocking the growth of the native heap
# Possible solutions:
#   Reduce memory load on the system
#   Increase physical memory or swap space
#   Check if swap backing store is full
#   Decrease Java heap size (-Xmx/-Xms)
#   Decrease number of Java threads
#   Decrease Java thread stack sizes (-Xss)
#   Set larger code cache with -XX:ReservedCodeCacheSize=
# This output file may be truncated or incomplete.
#
#  Out of Memory Error (os_linux.cpp:2753), pid=9863, tid=0x00007f3d066ae700
#
# JRE version:  (8.0_202-b39) (build )
# Java VM: OpenJDK 64-Bit Server VM (25.202-b39 mixed mode linux-amd64 compressed oops)
# Failed to write core dump. Core dumps have been disabled. To enable core dumping, try "ulimit -c unlimited" before starting Java again
#

---------------  T H R E A D  ---------------

Current thread (0x00007f3d0000b800):  JavaThread "Unknown thread" [_thread_in_vm, id=9865, stack(0x00007f3d065af000,0x00007f3d066af000)]

Stack: [0x00007f3d065af000,0x00007f3d066af000],  sp=0x00007f3d066ad3e0,  free space=1016k
Native frames: (J=compiled Java code, j=interpreted, Vv=VM code, C=native code)
V  [libjvm.so+0xa4458e]  VMError::report_and_die()+0x14e
V  [libjvm.so+0x4dfff9]  report_vm_out_of_memory(char const*, int, unsigned long, VMErrorType, char const*)+0x99
V  [libjvm.so+0x8b4313]  os::Linux::commit_memory_impl(char*, unsigned long, bool)+0x113
V  [libjvm.so+0x8b4539]  os::pd_commit_memory(char*, unsigned long, unsigned long, bool)+0x29
V  [libjvm.so+0x8a95ca]  os::commit_memory(char*, unsigned long, unsigned long, bool)+0x2a
V  [libjvm.so+0x91906b]  PSVirtualSpace::expand_by(unsigned long)+0x6b
V  [libjvm.so+0x909659]  PSOldGen::initialize(ReservedSpace, unsigned long, char const*, int)+0xc9
V  [libjvm.so+0x2d224e]  AdjoiningGenerations::AdjoiningGenerations(ReservedSpace, GenerationSizer*, unsigned long)+0x38e
V  [libjvm.so+0x8d1197]  ParallelScavengeHeap::initialize()+0x1e7
V  [libjvm.so+0xa0efd1]  Universe::initialize_heap()+0x101
V  [libjvm.so+0xa10083]  universe_init()+0x33
V  [libjvm.so+0x60d435]  init_globals()+0x55
V  [libjvm.so+0x9f4aa7]  Threads::create_vm(JavaVMInitArgs*, bool*)+0x207
V  [libjvm.so+0x6723c4]  JNI_CreateJavaVM+0x74
C  [libjli.so+0x75f7]  JavaMain+0x87
C  [libpthread.so.0+0x76db]  start_thread+0xdb


---------------  P R O C E S S  ---------------

Java Threads: ( => current thread )

Other Threads:

=>0x00007f3d0000b800 (exited) JavaThread "Unknown thread" [_thread_in_vm, id=9865, stack(0x00007f3d065af000,0x00007f3d066af000)]

VM state:not at safepoint (not fully initialized)

VM Mutex/Monitor currently owned by a thread: None

heap address: 0x00000000c4600000, size: 954 MB, Compressed Oops mode: Non-zero based:0x00000000c45ff000
Narrow klass base: 0x0000000000000000, Narrow klass shift: 0

GC Heap History (0 events):
No events

Deoptimization events (0 events):
No events

Classes redefined (0 events):
No events

Internal exceptions (0 events):
No events

Events (0 events):
No events


Dynamic libraries:
00400000-00401000 r-xp 00000000 b3:02 4857369                            /home/kwecky/Downloads/WebStorm-191.6183.63/jre64/bin/java
00600000-00601000 rw-p 00000000 b3:02 4857369                            /home/kwecky/Downloads/WebStorm-191.6183.63/jre64/bin/java
01930000-01951000 rw-p 00000000 00:00 0                                  [heap]
c6e00000-ec200000 ---p 00000000 00:00 0 
ec200000-ed600000 rw-p 00000000 00:00 0 
ed600000-100000000 ---p 00000000 00:00 0 
7f3cefe79000-7f3cf0005000 rw-p 00000000 00:00 0 
7f3cf0005000-7f3cf0143000 ---p 00000000 00:00 0 
7f3cf0143000-7f3cf014d000 rw-p 00000000 00:00 0 
7f3cf014d000-7f3cf01e2000 ---p 00000000 00:00 0 
7f3cf01e2000-7f3cf01ed000 rw-p 00000000 00:00 0 
7f3cf01ed000-7f3cf05a3000 ---p 00000000 00:00 0 
7f3cf05a3000-7f3cf0813000 rwxp 00000000 00:00 0 
7f3cf0813000-7f3cff5a3000 ---p 00000000 00:00 0 
7f3cff5a3000-7f3cff5be000 r-xp 00000000 b3:02 4346154                    /home/kwecky/Downloads/WebStorm-191.6183.63/jre64/lib/amd64/libzip.so
7f3cff5be000-7f3cff7bd000 ---p 0001b000 b3:02 4346154                    /home/kwecky/Downloads/WebStorm-191.6183.63/jre64/lib/amd64/libzip.so
7f3cff7bd000-7f3cff7be000 rw-p 0001a000 b3:02 4346154                    /home/kwecky/Downloads/WebStorm-191.6183.63/jre64/lib/amd64/libzip.so
7f3cff7be000-7f3cff7c9000 r-xp 00000000 b3:02 398090                     /lib/x86_64-linux-gnu/libnss_files-2.27.so
7f3cff7c9000-7f3cff9c8000 ---p 0000b000 b3:02 398090                     /lib/x86_64-linux-gnu/libnss_files-2.27.so
7f3cff9c8000-7f3cff9c9000 r--p 0000a000 b3:02 398090                     /lib/x86_64-linux-gnu/libnss_files-2.27.so
7f3cff9c9000-7f3cff9ca000 rw-p 0000b000 b3:02 398090                     /lib/x86_64-linux-gnu/libnss_files-2.27.so
7f3cff9ca000-7f3cff9d0000 rw-p 00000000 00:00 0 
7f3cff9d0000-7f3cff9e7000 r-xp 00000000 b3:02 398084                     /lib/x86_64-linux-gnu/libnsl-2.27.so
7f3cff9e7000-7f3cffbe6000 ---p 00017000 b3:02 398084                     /lib/x86_64-linux-gnu/libnsl-2.27.so
7f3cffbe6000-7f3cffbe7000 r--p 00016000 b3:02 398084                     /lib/x86_64-linux-gnu/libnsl-2.27.so
7f3cffbe7000-7f3cffbe8000 rw-p 00017000 b3:02 398084                     /lib/x86_64-linux-gnu/libnsl-2.27.so
7f3cffbe8000-7f3cffbea000 rw-p 00000000 00:00 0 
7f3cffbea000-7f3cffbf5000 r-xp 00000000 b3:02 398101                     /lib/x86_64-linux-gnu/libnss_nis-2.27.so
7f3cffbf5000-7f3cffdf4000 ---p 0000b000 b3:02 398101                     /lib/x86_64-linux-gnu/libnss_nis-2.27.so
7f3cffdf4000-7f3cffdf5000 r--p 0000a000 b3:02 398101                     /lib/x86_64-linux-gnu/libnss_nis-2.27.so
7f3cffdf5000-7f3cffdf6000 rw-p 0000b000 b3:02 398101                     /lib/x86_64-linux-gnu/libnss_nis-2.27.so
7f3cffdf6000-7f3cffdfe000 r-xp 00000000 b3:02 398086                     /lib/x86_64-linux-gnu/libnss_compat-2.27.so
7f3cffdfe000-7f3cffffe000 ---p 00008000 b3:02 398086                     /lib/x86_64-linux-gnu/libnss_compat-2.27.so
7f3cffffe000-7f3cfffff000 r--p 00008000 b3:02 398086                     /lib/x86_64-linux-gnu/libnss_compat-2.27.so
7f3cfffff000-7f3d00000000 rw-p 00009000 b3:02 398086                     /lib/x86_64-linux-gnu/libnss_compat-2.27.so
7f3d00000000-7f3d00035000 rw-p 00000000 00:00 0 
7f3d00035000-7f3d04000000 ---p 00000000 00:00 0 
7f3d0405f000-7f3d0414f000 rw-p 00000000 00:00 0 
7f3d0414f000-7f3d04179000 r-xp 00000000 b3:02 4346124                    /home/kwecky/Downloads/WebStorm-191.6183.63/jre64/lib/amd64/libjava.so
7f3d04179000-7f3d04378000 ---p 0002a000 b3:02 4346124                    /home/kwecky/Downloads/WebStorm-191.6183.63/jre64/lib/amd64/libjava.so
7f3d04378000-7f3d0437a000 rw-p 00029000 b3:02 4346124                    /home/kwecky/Downloads/WebStorm-191.6183.63/jre64/lib/amd64/libjava.so
7f3d0437a000-7f3d04389000 r-xp 00000000 b3:02 4346153                    /home/kwecky/Downloads/WebStorm-191.6183.63/jre64/lib/amd64/libverify.so
7f3d04389000-7f3d04588000 ---p 0000f000 b3:02 4346153                    /home/kwecky/Downloads/WebStorm-191.6183.63/jre64/lib/amd64/libverify.so
7f3d04588000-7f3d0458a000 rw-p 0000e000 b3:02 4346153                    /home/kwecky/Downloads/WebStorm-191.6183.63/jre64/lib/amd64/libverify.so
7f3d0458a000-7f3d04591000 r-xp 00000000 b3:02 398141                     /lib/x86_64-linux-gnu/librt-2.27.so
7f3d04591000-7f3d04790000 ---p 00007000 b3:02 398141                     /lib/x86_64-linux-gnu/librt-2.27.so
7f3d04790000-7f3d04791000 r--p 00006000 b3:02 398141                     /lib/x86_64-linux-gnu/librt-2.27.so
7f3d04791000-7f3d04792000 rw-p 00007000 b3:02 398141                     /lib/x86_64-linux-gnu/librt-2.27.so
7f3d04792000-7f3d0492f000 r-xp 00000000 b3:02 398063                     /lib/x86_64-linux-gnu/libm-2.27.so
7f3d0492f000-7f3d04b2e000 ---p 0019d000 b3:02 398063                     /lib/x86_64-linux-gnu/libm-2.27.so
7f3d04b2e000-7f3d04b2f000 r--p 0019c000 b3:02 398063                     /lib/x86_64-linux-gnu/libm-2.27.so
7f3d04b2f000-7f3d04b30000 rw-p 0019d000 b3:02 398063                     /lib/x86_64-linux-gnu/libm-2.27.so
7f3d04b30000-7f3d0577f000 r-xp 00000000 b3:02 4595659                    /home/kwecky/Downloads/WebStorm-191.6183.63/jre64/lib/amd64/server/libjvm.so
7f3d0577f000-7f3d0597f000 ---p 00c4f000 b3:02 4595659                    /home/kwecky/Downloads/WebStorm-191.6183.63/jre64/lib/amd64/server/libjvm.so
7f3d0597f000-7f3d05a4f000 rw-p 00c4f000 b3:02 4595659                    /home/kwecky/Downloads/WebStorm-191.6183.63/jre64/lib/amd64/server/libjvm.so
7f3d05a4f000-7f3d05a91000 rw-p 00000000 00:00 0 
7f3d05a91000-7f3d05c78000 r-xp 00000000 b3:02 398000                     /lib/x86_64-linux-gnu/libc-2.27.so
7f3d05c78000-7f3d05e78000 ---p 001e7000 b3:02 398000                     /lib/x86_64-linux-gnu/libc-2.27.so
7f3d05e78000-7f3d05e7c000 r--p 001e7000 b3:02 398000                     /lib/x86_64-linux-gnu/libc-2.27.so
7f3d05e7c000-7f3d05e7e000 rw-p 001eb000 b3:02 398000                     /lib/x86_64-linux-gnu/libc-2.27.so
7f3d05e7e000-7f3d05e82000 rw-p 00000000 00:00 0 
7f3d05e82000-7f3d05e85000 r-xp 00000000 b3:02 398023                     /lib/x86_64-linux-gnu/libdl-2.27.so
7f3d05e85000-7f3d06084000 ---p 00003000 b3:02 398023                     /lib/x86_64-linux-gnu/libdl-2.27.so
7f3d06084000-7f3d06085000 r--p 00002000 b3:02 398023                     /lib/x86_64-linux-gnu/libdl-2.27.so
7f3d06085000-7f3d06086000 rw-p 00003000 b3:02 398023                     /lib/x86_64-linux-gnu/libdl-2.27.so
7f3d06086000-7f3d0609b000 r-xp 00000000 b3:02 4468457                    /home/kwecky/Downloads/WebStorm-191.6183.63/jre64/lib/amd64/jli/libjli.so
7f3d0609b000-7f3d0629b000 ---p 00015000 b3:02 4468457                    /home/kwecky/Downloads/WebStorm-191.6183.63/jre64/lib/amd64/jli/libjli.so
7f3d0629b000-7f3d0629c000 rw-p 00015000 b3:02 4468457                    /home/kwecky/Downloads/WebStorm-191.6183.63/jre64/lib/amd64/jli/libjli.so
7f3d0629c000-7f3d062b6000 r-xp 00000000 b3:02 398133                     /lib/x86_64-linux-gnu/libpthread-2.27.so
7f3d062b6000-7f3d064b5000 ---p 0001a000 b3:02 398133                     /lib/x86_64-linux-gnu/libpthread-2.27.so
7f3d064b5000-7f3d064b6000 r--p 00019000 b3:02 398133                     /lib/x86_64-linux-gnu/libpthread-2.27.so
7f3d064b6000-7f3d064b7000 rw-p 0001a000 b3:02 398133                     /lib/x86_64-linux-gnu/libpthread-2.27.so
7f3d064b7000-7f3d064bb000 rw-p 00000000 00:00 0 
7f3d064bb000-7f3d064e2000 r-xp 00000000 b3:02 397972                     /lib/x86_64-linux-gnu/ld-2.27.so
7f3d065ae000-7f3d065af000 ---p 00000000 00:00 0 
7f3d065af000-7f3d065b2000 ---p 00000000 00:00 0 
7f3d065b2000-7f3d066b1000 rw-p 00000000 00:00 0 
7f3d066d6000-7f3d066de000 rw-s 00000000 b3:02 4718925                    /tmp/hsperfdata_kwecky/9863
7f3d066de000-7f3d066df000 rw-p 00000000 00:00 0 
7f3d066df000-7f3d066e0000 r--p 00000000 00:00 0 
7f3d066e0000-7f3d066e2000 rw-p 00000000 00:00 0 
7f3d066e2000-7f3d066e3000 r--p 00027000 b3:02 397972                     /lib/x86_64-linux-gnu/ld-2.27.so
7f3d066e3000-7f3d066e4000 rw-p 00028000 b3:02 397972                     /lib/x86_64-linux-gnu/ld-2.27.so
7f3d066e4000-7f3d066e5000 rw-p 00000000 00:00 0 
7ffd5c805000-7ffd5c826000 rw-p 00000000 00:00 0                          [stack]
7ffd5c959000-7ffd5c95c000 r--p 00000000 00:00 0                          [vvar]
7ffd5c95c000-7ffd5c95e000 r-xp 00000000 00:00 0                          [vdso]
ffffffffff600000-ffffffffff601000 r-xp 00000000 00:00 0                  [vsyscall]

VM Arguments:
java_command: org.jetbrains.git4idea.nativessh.GitNativeSshAskPassApp Enter passphrase for key '/home/kwecky/.ssh/id_rsa': 
java_class_path (initial): /home/kwecky/Downloads/WebStorm-191.6183.63/plugins/git4idea/lib/git4idea-rt.jar:/home/kwecky/Downloads/WebStorm-191.6183.63/lib/xmlrpc-2.0.1.jar:/home/kwecky/Downloads/WebStorm-191.6183.63/lib/commons-codec-1.10.jar:/home/kwecky/Downloads/WebStorm-191.6183.63/lib/util.jar
Launcher Type: SUN_STANDARD

Environment Variables:
PATH=/usr/lib/git-core:/home/linuxbrew/.linuxbrew/bin:/usr/local/sbin:/usr/local/bin:/usr/sbin:/usr/bin:/sbin:/bin:/usr/games:/usr/local/games:/snap/bin
SHELL=/bin/bash
DISPLAY=:0

Signal Handlers:
SIGSEGV: [libjvm.so+0xa44f70], sa_mask[0]=11111111011111111101111111111110, sa_flags=SA_RESTART|SA_SIGINFO
SIGBUS: [libjvm.so+0xa44f70], sa_mask[0]=11111111011111111101111111111110, sa_flags=SA_RESTART|SA_SIGINFO
SIGFPE: [libjvm.so+0x8add30], sa_mask[0]=11111111011111111101111111111110, sa_flags=SA_RESTART|SA_SIGINFO
SIGPIPE: [libjvm.so+0x8add30], sa_mask[0]=11111111011111111101111111111110, sa_flags=SA_RESTART|SA_SIGINFO
SIGXFSZ: [libjvm.so+0x8add30], sa_mask[0]=11111111011111111101111111111110, sa_flags=SA_RESTART|SA_SIGINFO
SIGILL: [libjvm.so+0x8add30], sa_mask[0]=11111111011111111101111111111110, sa_flags=SA_RESTART|SA_SIGINFO
SIGUSR1: SIG_DFL, sa_mask[0]=00000000000000000000000000000000, sa_flags=none
SIGUSR2: [libjvm.so+0x8af430], sa_mask[0]=00100000000000000000000000000000, sa_flags=SA_RESTART|SA_SIGINFO
SIGHUP: SIG_DFL, sa_mask[0]=00000000000000000000000000000000, sa_flags=none
SIGINT: SIG_DFL, sa_mask[0]=00000000000000000000000000000000, sa_flags=none
SIGTERM: SIG_DFL, sa_mask[0]=00000000000000000000000000000000, sa_flags=none
SIGQUIT: SIG_DFL, sa_mask[0]=00000000000000000000000000000000, sa_flags=none


---------------  S Y S T E M  ---------------

OS:DISTRIB_ID=Ubuntu
DISTRIB_RELEASE=18.04
DISTRIB_CODENAME=bionic
DISTRIB_DESCRIPTION="Ubuntu 18.04.3 LTS"

uname:Linux 4.15.0-72-generic #81-Ubuntu SMP Tue Nov 26 12:20:02 UTC 2019 x86_64
libc:glibc 2.27 NPTL 2.27 
rlimit: STACK 8192k, CORE 0k, NPROC 14739, NOFILE 1048576, AS infinity
load average:72.16 55.91 35.79

/proc/meminfo:
MemTotal:        3900228 kB
MemFree:          308560 kB
MemAvailable:     253580 kB
Buffers:            2336 kB
Cached:           778880 kB
SwapCached:          680 kB
Active:          2643840 kB
Inactive:         642556 kB
Active(anon):    2641088 kB
Inactive(anon):   580508 kB
Active(file):       2752 kB
Inactive(file):    62048 kB
Unevictable:           0 kB
Mlocked:               0 kB
SwapTotal:       2097148 kB
SwapFree:           4804 kB
Dirty:               116 kB
Writeback:           588 kB
AnonPages:       2504968 kB
Mapped:            44028 kB
Shmem:            716292 kB
Slab:             139540 kB
SReclaimable:      73576 kB
SUnreclaim:        65964 kB
KernelStack:       13728 kB
PageTables:        80412 kB
NFS_Unstable:          0 kB
Bounce:                0 kB
WritebackTmp:          0 kB
CommitLimit:     4047260 kB
Committed_AS:   12069936 kB
VmallocTotal:   34359738367 kB
VmallocUsed:           0 kB
VmallocChunk:          0 kB
HardwareCorrupted:     0 kB
AnonHugePages:         0 kB
ShmemHugePages:        0 kB
ShmemPmdMapped:        0 kB
CmaTotal:              0 kB
CmaFree:               0 kB
HugePages_Total:       0
HugePages_Free:        0
HugePages_Rsvd:        0
HugePages_Surp:        0
Hugepagesize:       2048 kB
DirectMap4k:      348076 kB
DirectMap2M:     3706880 kB
DirectMap1G:     2097152 kB

container (cgroup) information:
container_type: cgroupv1
cpu_cpuset_cpus: 0-3
cpu_memory_nodes: 0
active_processor_count: 4
cpu_quota: -1
cpu_period: 100000
cpu_shares: -1
memory_limit_in_bytes: -1
memory_and_swap_limit_in_bytes: -2
memory_soft_limit_in_bytes: -1
memory_usage_in_bytes: 3387310080
memory_max_usage_in_bytes: 8400896


CPU:total 4 (initial active 4) (4 cores per cpu, 1 threads per core) family 6 model 92 stepping 9, cmov, cx8, fxsr, mmx, sse, sse2, sse3, ssse3, sse4.1, sse4.2, popcnt, aes, clmul, erms, 3dnowpref, tsc, tscinvbit

/proc/cpuinfo:
processor	: 0
vendor_id	: GenuineIntel
cpu family	: 6
model		: 92
model name	: Intel(R) Pentium(R) CPU N4200 @ 1.10GHz
stepping	: 9
microcode	: 0x38
cpu MHz		: 2385.792
cache size	: 1024 KB
physical id	: 0
siblings	: 4
core id		: 0
cpu cores	: 4
apicid		: 0
initial apicid	: 0
fpu		: yes
fpu_exception	: yes
cpuid level	: 21
wp		: yes
flags		: fpu vme de pse tsc msr pae mce cx8 apic sep mtrr pge mca cmov pat pse36 clflush dts acpi mmx fxsr sse sse2 ss ht tm pbe syscall nx pdpe1gb rdtscp lm constant_tsc art arch_perfmon pebs bts rep_good nopl xtopology tsc_reliable nonstop_tsc cpuid aperfmperf tsc_known_freq pni pclmulqdq dtes64 monitor ds_cpl vmx est tm2 ssse3 sdbg cx16 xtpr pdcm sse4_1 sse4_2 x2apic movbe popcnt tsc_deadline_timer aes xsave rdrand lahf_lm 3dnowprefetch cpuid_fault cat_l2 ibrs ibpb stibp tpr_shadow vnmi flexpriority ept vpid fsgsbase tsc_adjust smep erms mpx rdt_a rdseed smap clflushopt intel_pt sha_ni xsaveopt xsavec xgetbv1 xsaves dtherm ida arat pln pts md_clear arch_capabilities
bugs		: monitor spectre_v1 spectre_v2
bogomips	: 2188.80
clflush size	: 64
cache_alignment	: 64
address sizes	: 39 bits physical, 48 bits virtual
power management:

processor	: 1
vendor_id	: GenuineIntel
cpu family	: 6
model		: 92
model name	: Intel(R) Pentium(R) CPU N4200 @ 1.10GHz
stepping	: 9
microcode	: 0x38
cpu MHz		: 2385.792
cache size	: 1024 KB
physical id	: 0
siblings	: 4
core id		: 1
cpu cores	: 4
apicid		: 2
initial apicid	: 2
fpu		: yes
fpu_exception	: yes
cpuid level	: 21
wp		: yes
flags		: fpu vme de pse tsc msr pae mce cx8 apic sep mtrr pge mca cmov pat pse36 clflush dts acpi mmx fxsr sse sse2 ss ht tm pbe syscall nx pdpe1gb rdtscp lm constant_tsc art arch_perfmon pebs bts rep_good nopl xtopology tsc_reliable nonstop_tsc cpuid aperfmperf tsc_known_freq pni pclmulqdq dtes64 monitor ds_cpl vmx est tm2 ssse3 sdbg cx16 xtpr pdcm sse4_1 sse4_2 x2apic movbe popcnt tsc_deadline_timer aes xsave rdrand lahf_lm 3dnowprefetch cpuid_fault cat_l2 ibrs ibpb stibp tpr_shadow vnmi flexpriority ept vpid fsgsbase tsc_adjust smep erms mpx rdt_a rdseed smap clflushopt intel_pt sha_ni xsaveopt xsavec xgetbv1 xsaves dtherm ida arat pln pts md_clear arch_capabilities
bugs		: monitor spectre_v1 spectre_v2
bogomips	: 2188.80
clflush size	: 64
cache_alignment	: 64
address sizes	: 39 bits physical, 48 bits virtual
power management:

processor	: 2
vendor_id	: GenuineIntel
cpu family	: 6
model		: 92
model name	: Intel(R) Pentium(R) CPU N4200 @ 1.10GHz
stepping	: 9
microcode	: 0x38
cpu MHz		: 2385.793
cache size	: 1024 KB
physical id	: 0
siblings	: 4
core id		: 2
cpu cores	: 4
apicid		: 4
initial apicid	: 4
fpu		: yes
fpu_exception	: yes
cpuid level	: 21
wp		: yes
flags		: fpu vme de pse tsc msr pae mce cx8 apic sep mtrr pge mca cmov pat pse36 clflush dts acpi mmx fxsr sse sse2 ss ht tm pbe syscall nx pdpe1gb rdtscp lm constant_tsc art arch_perfmon pebs bts rep_good nopl xtopology tsc_reliable nonstop_tsc cpuid aperfmperf tsc_known_freq pni pclmulqdq dtes64 monitor ds_cpl vmx est tm2 ssse3 sdbg cx16 xtpr pdcm sse4_1 sse4_2 x2apic movbe popcnt tsc_deadline_timer aes xsave rdrand lahf_lm 3dnowprefetch cpuid_fault cat_l2 ibrs ibpb stibp tpr_shadow vnmi flexpriority ept vpid fsgsbase tsc_adjust smep erms mpx rdt_a rdseed smap clflushopt intel_pt sha_ni xsaveopt xsavec xgetbv1 xsaves dtherm ida arat pln pts md_clear arch_capabilities
bugs		: monitor spectre_v1 spectre_v2
bogomips	: 2188.80
clflush size	: 64
cache_alignment	: 64
address sizes	: 39 bits physical, 48 bits virtual
power management:

processor	: 3
vendor_id	: GenuineIntel
cpu family	: 6
model		: 92
model name	: Intel(R) Pentium(R) CPU N4200 @ 1.10GHz
stepping	: 9
microcode	: 0x38
cpu MHz		: 2385.788
cache size	: 1024 KB
physical id	: 0
siblings	: 4
core id		: 3
cpu cores	: 4
apicid		: 6
initial apicid	: 6
fpu		: yes
fpu_exception	: yes
cpuid level	: 21
wp		: yes
flags		: fpu vme de pse tsc msr pae mce cx8 apic sep mtrr pge mca cmov pat pse36 clflush dts acpi mmx fxsr sse sse2 ss ht tm pbe syscall nx pdpe1gb rdtscp lm constant_tsc art arch_perfmon pebs bts rep_good nopl xtopology tsc_reliable nonstop_tsc cpuid aperfmperf tsc_known_freq pni pclmulqdq dtes64 monitor ds_cpl vmx est tm2 ssse3 sdbg cx16 xtpr pdcm sse4_1 sse4_2 x2apic movbe popcnt tsc_deadline_timer aes xsave rdrand lahf_lm 3dnowprefetch cpuid_fault cat_l2 ibrs ibpb stibp tpr_shadow vnmi flexpriority ept vpid fsgsbase tsc_adjust smep erms mpx rdt_a rdseed smap clflushopt intel_pt sha_ni xsaveopt xsavec xgetbv1 xsaves dtherm ida arat pln pts md_clear arch_capabilities
bugs		: monitor spectre_v1 spectre_v2
bogomips	: 2188.80
clflush size	: 64
cache_alignment	: 64
address sizes	: 39 bits physical, 48 bits virtual
power management:



Memory: 4k page, physical 3900228k(284180k free), swap 2097148k(5212k free)

vm_info: OpenJDK 64-Bit Server VM (25.202-b39) for linux-amd64 JRE (1.8.0_202-release-1483-b39), built on Mar  7 2019 20:05:01 by "root" with gcc 4.4.7 20120313 (Red Hat 4.4.7-16)

time: Fri Jan 17 16:21:14 2020
timezone: CET
elapsed time: 118 seconds (0d 0h 1m 58s)

